[INFO] Scanning for projects...
[INFO]                                                                         
[INFO] ------------------------------------------------------------------------
[INFO] Building transite-common 0.0.5
[INFO] ------------------------------------------------------------------------
[WARNING] The artifact xml-apis:xml-apis:jar:2.0.2 has been relocated to xml-apis:xml-apis:jar:1.0.b2
[INFO] 
[INFO] --- jacoco-maven-plugin:0.7.9:prepare-agent (prepare-agent) @ transite-common ---
[INFO] argLine set to -javaagent:/Users/markeverline/.m2/repository/org/jacoco/org.jacoco.agent/0.7.9/org.jacoco.agent-0.7.9-runtime.jar=destfile=/Users/markeverline/java/my-transite-dm/common/target/jacoco.exec
[INFO] 
[INFO] --- maven-resources-plugin:2.6:resources (default-resources) @ transite-common ---
[WARNING] Using platform encoding (UTF-8 actually) to copy filtered resources, i.e. build is platform dependent!
[INFO] skip non existing resourceDirectory /Users/markeverline/java/my-transite-dm/common/src/main/resources
[INFO] 
[INFO] --- maven-compiler-plugin:3.6.1:compile (default-compile) @ transite-common ---
[INFO] Nothing to compile - all classes are up to date
[INFO] 
[INFO] --- maven-resources-plugin:2.6:testResources (default-testResources) @ transite-common ---
[WARNING] Using platform encoding (UTF-8 actually) to copy filtered resources, i.e. build is platform dependent!
[INFO] skip non existing resourceDirectory /Users/markeverline/java/my-transite-dm/common/src/test/resources
[INFO] 
[INFO] --- maven-compiler-plugin:3.6.1:testCompile (default-testCompile) @ transite-common ---
[INFO] Changes detected - recompiling the module!
[INFO] Compiling 39 source files to /Users/markeverline/java/my-transite-dm/common/target/test-classes
[INFO] /Users/markeverline/java/my-transite-dm/common/src/test/java/me/transit/dao/query/TestSpatialQuery.java: /Users/markeverline/java/my-transite-dm/common/src/test/java/me/transit/dao/query/TestSpatialQuery.java uses or overrides a deprecated API.
[INFO] /Users/markeverline/java/my-transite-dm/common/src/test/java/me/transit/dao/query/TestSpatialQuery.java: Recompile with -Xlint:deprecation for details.
[INFO] /Users/markeverline/java/my-transite-dm/common/src/test/java/me/math/grid/tiled/mr/TestrMetricDataResult.java: /Users/markeverline/java/my-transite-dm/common/src/test/java/me/math/grid/tiled/mr/TestrMetricDataResult.java uses unchecked or unsafe operations.
[INFO] /Users/markeverline/java/my-transite-dm/common/src/test/java/me/math/grid/tiled/mr/TestrMetricDataResult.java: Recompile with -Xlint:unchecked for details.
[INFO] 
[INFO] --- maven-surefire-plugin:2.12.4:test (default-test) @ transite-common ---
[INFO] Surefire report directory: /Users/markeverline/java/my-transite-dm/common/target/surefire-reports

-------------------------------------------------------
 T E S T S
-------------------------------------------------------
objc[93214]: Class JavaLaunchHelper is implemented in both /Library/Java/JavaVirtualMachines/jdk1.8.0_25.jdk/Contents/Home/jre/bin/java (0x10f9544c0) and /Library/Java/JavaVirtualMachines/jdk1.8.0_25.jdk/Contents/Home/jre/lib/libinstrument.dylib (0x110a4d4e0). One of the two will be used. Which one is undefined.
Running me.database.TestConverter
Tests run: 3, Failures: 0, Errors: 0, Skipped: 0, Time elapsed: 0.165 sec
Running me.datamining.bandwidth.TestBandWidth
Tests run: 3, Failures: 0, Errors: 0, Skipped: 0, Time elapsed: 0.035 sec
Running me.datamining.cluster.TestSTING
Tests run: 4, Failures: 0, Errors: 0, Skipped: 0, Time elapsed: 0.675 sec
Running me.datamining.densityEstimate.TestAdaptiveKDE

Results :

Tests run: 10, Failures: 0, Errors: 0, Skipped: 0

